#
# There is insufficient memory for the Java Runtime Environment to continue.
# Native memory allocation (malloc) failed to allocate 32744 bytes. Error detail: ChunkPool::allocate
# Possible reasons:
#   The system is out of physical RAM or swap space
#   This process is running with CompressedOops enabled, and the Java Heap may be blocking the growth of the native heap
# Possible solutions:
#   Reduce memory load on the system
#   Increase physical memory or swap space
#   Check if swap backing store is full
#   Decrease Java heap size (-Xmx/-Xms)
#   Decrease number of Java threads
#   Decrease Java thread stack sizes (-Xss)
#   Set larger code cache with -XX:ReservedCodeCacheSize=
#   JVM is running with Zero Based Compressed Oops mode in which the Java heap is
#     placed in the first 32GB address space. The Java Heap base address is the
#     maximum limit for the native heap growth. Please use -XX:HeapBaseMinAddress
#     to set the Java Heap base and to place the Java Heap above 32GB virtual address.
# This output file may be truncated or incomplete.
#
#  Out of Memory Error (arena.cpp:79), pid=3548, tid=9824
#
# JRE version: OpenJDK Runtime Environment JBR-17.0.14+1-1367.22-nomod (17.0.14+1) (build 17.0.14+1-b1367.22)
# Java VM: OpenJDK 64-Bit Server VM JBR-17.0.14+1-1367.22-nomod (17.0.14+1-b1367.22, mixed mode, sharing, tiered, compressed oops, compressed class ptrs, g1 gc, windows-amd64)
# No core dump will be written. Minidumps are not enabled by default on client versions of Windows
#

---------------  S U M M A R Y ------------

Command Line: -ea --add-opens=java.base/java.lang=ALL-UNNAMED -Dmockito.allow-incomplete-classpath=true -XX:+EnableDynamicAgentLoading -Djdk.instrument.traceUsage -Didea.test.cyclic.buffer.size=1048576 -javaagent:C:\Program Files\JetBrains\IntelliJ IDEA Community Edition 2024.3\lib\idea_rt.jar=50487:C:\Program Files\JetBrains\IntelliJ IDEA Community Edition 2024.3\bin -javaagent:C:\Users\yan_c\AppData\Local\JetBrains\IdeaIC2024.3\captureAgent\debugger-agent.jar -Dkotlinx.coroutines.debug.enable.creation.stack.trace=false -Ddebugger.agent.enable.coroutines=true -Dkotlinx.coroutines.debug.enable.flows.stack.trace=true -Dkotlinx.coroutines.debug.enable.mutable.state.flows.stack.trace=true -Dfile.encoding=UTF-8 com.intellij.rt.junit.JUnitStarter -ideVersion5 -junit5 com.inventory.application.service.Integration.ProductIntegrationTest

Host: AMD Ryzen 3 3200U with Radeon Vega Mobile Gfx  , 4 cores, 9G,  Windows 11 , 64 bit Build 26100 (10.0.26100.3037)
Time: Thu Feb 27 20:23:00 2025 Hora verano Sudamérica Pacífico elapsed time: 4.204711 seconds (0d 0h 0m 4s)

---------------  T H R E A D  ---------------

Current thread (0x0000027a911ad350):  JavaThread "C2 CompilerThread0" daemon [_thread_in_native, id=9824, stack(0x000000c040800000,0x000000c040900000)]


Current CompileTask:
C2:   4205 1618       4       jdk.internal.org.objectweb.asm.Frame::execute (2305 bytes)

Stack: [0x000000c040800000,0x000000c040900000]
Native frames: (J=compiled Java code, j=interpreted, Vv=VM code, C=native code)
V  [jvm.dll+0x68b969]
V  [jvm.dll+0x84572a]
V  [jvm.dll+0x8473ae]
V  [jvm.dll+0x847a13]
V  [jvm.dll+0x24a83f]
V  [jvm.dll+0xacc01]
V  [jvm.dll+0xad04c]
V  [jvm.dll+0x370b50]
V  [jvm.dll+0x3700a1]
V  [jvm.dll+0x3700e4]
V  [jvm.dll+0x572e65]
V  [jvm.dll+0x573693]
V  [jvm.dll+0x3352f9]
V  [jvm.dll+0x33476a]
V  [jvm.dll+0x21c231]
V  [jvm.dll+0x21b671]
V  [jvm.dll+0x1a6acd]
V  [jvm.dll+0x22b58e]
V  [jvm.dll+0x2296d5]
V  [jvm.dll+0x7f9637]
V  [jvm.dll+0x7f3a1c]
V  [jvm.dll+0x68a7c7]
C  [ucrtbase.dll+0x37b0]
C  [KERNEL32.DLL+0x2e8d7]
C  [ntdll.dll+0xbbf2c]


---------------  P R O C E S S  ---------------

Threads class SMR info:
_java_thread_list=0x0000027ad837d1f0, length=13, elements={
0x0000027af64be480, 0x0000027a911898f0, 0x0000027a9118af30, 0x0000027a911a0150,
0x0000027a911a0a20, 0x0000027a911a3e70, 0x0000027a911a4740, 0x0000027a911ad350,
0x0000027a911c3950, 0x0000027a91498030, 0x0000027a91173180, 0x0000027a915c1cb0,
0x0000027a91778f70
}

Java Threads: ( => current thread )
  0x0000027af64be480 JavaThread "main" [_thread_in_vm, id=11800, stack(0x000000c03fb00000,0x000000c03fc00000)]
  0x0000027a911898f0 JavaThread "Reference Handler" daemon [_thread_blocked, id=12204, stack(0x000000c040200000,0x000000c040300000)]
  0x0000027a9118af30 JavaThread "Finalizer" daemon [_thread_blocked, id=7444, stack(0x000000c040300000,0x000000c040400000)]
  0x0000027a911a0150 JavaThread "Signal Dispatcher" daemon [_thread_blocked, id=892, stack(0x000000c040400000,0x000000c040500000)]
  0x0000027a911a0a20 JavaThread "Attach Listener" daemon [_thread_blocked, id=2644, stack(0x000000c040500000,0x000000c040600000)]
  0x0000027a911a3e70 JavaThread "Service Thread" daemon [_thread_blocked, id=11912, stack(0x000000c040600000,0x000000c040700000)]
  0x0000027a911a4740 JavaThread "Monitor Deflation Thread" daemon [_thread_blocked, id=11916, stack(0x000000c040700000,0x000000c040800000)]
=>0x0000027a911ad350 JavaThread "C2 CompilerThread0" daemon [_thread_in_native, id=9824, stack(0x000000c040800000,0x000000c040900000)]
  0x0000027a911c3950 JavaThread "C1 CompilerThread0" daemon [_thread_in_native, id=3636, stack(0x000000c040900000,0x000000c040a00000)]
  0x0000027a91498030 JavaThread "Sweeper thread" daemon [_thread_blocked, id=8712, stack(0x000000c040a00000,0x000000c040b00000)]
  0x0000027a91173180 JavaThread "Common-Cleaner" daemon [_thread_blocked, id=9096, stack(0x000000c040b00000,0x000000c040c00000)]
  0x0000027a915c1cb0 JavaThread "Monitor Ctrl-Break" daemon [_thread_in_native, id=12056, stack(0x000000c040c00000,0x000000c040d00000)]
  0x0000027a91778f70 JavaThread "Notification Thread" daemon [_thread_blocked, id=10088, stack(0x000000c040d00000,0x000000c040e00000)]

Other Threads:
  0x0000027a91185da0 VMThread "VM Thread" [stack: 0x000000c040100000,0x000000c040200000] [id=11324]
  0x0000027a9176e440 WatcherThread [stack: 0x000000c040e00000,0x000000c040f00000] [id=2068]
  0x0000027af650f540 GCTaskThread "GC Thread#0" [stack: 0x000000c03fc00000,0x000000c03fd00000] [id=11500]
  0x0000027ad743d600 GCTaskThread "GC Thread#1" [stack: 0x000000c040f00000,0x000000c041000000] [id=6332]
  0x0000027ad7456730 GCTaskThread "GC Thread#2" [stack: 0x000000c041000000,0x000000c041100000] [id=9472]
  0x0000027ad7512f90 GCTaskThread "GC Thread#3" [stack: 0x000000c041100000,0x000000c041200000] [id=2016]
  0x0000027af651bf90 ConcurrentGCThread "G1 Main Marker" [stack: 0x000000c03fd00000,0x000000c03fe00000] [id=12280]
  0x0000027af651d060 ConcurrentGCThread "G1 Conc#0" [stack: 0x000000c03fe00000,0x000000c03ff00000] [id=2740]
  0x0000027a910420b0 ConcurrentGCThread "G1 Refine#0" [stack: 0x000000c03ff00000,0x000000c040000000] [id=12020]
  0x0000027a91042890 ConcurrentGCThread "G1 Service" [stack: 0x000000c040000000,0x000000c040100000] [id=6668]

Threads with active compile tasks:
C2 CompilerThread0     4499 1618       4       jdk.internal.org.objectweb.asm.Frame::execute (2305 bytes)
C1 CompilerThread0     4499 1718   !   3       sun.reflect.annotation.AnnotationParser::parseAnnotation2 (271 bytes)

VM state: not at safepoint (normal execution)

VM Mutex/Monitor currently owned by a thread:  ([mutex/lock_event])
[0x0000027af64a8720] Metaspace_lock - owner thread: 0x0000027af64be480

Heap address: 0x0000000760e00000, size: 2546 MB, Compressed Oops mode: Zero based, Oop shift amount: 3

CDS archive(s) mapped at: [0x0000027a92000000-0x0000027a92c00000-0x0000027a92c00000), size 12582912, SharedBaseAddress: 0x0000027a92000000, ArchiveRelocationMode: 1.
Compressed class space mapped at: 0x0000027a93000000-0x0000027ad3000000, reserved size: 1073741824
Narrow klass base: 0x0000027a92000000, Narrow klass shift: 0, Narrow klass range: 0x100000000

GC Precious Log:
 CPUs: 4 total, 4 available
 Memory: 10178M
 Large Page Support: Disabled
 NUMA Support: Disabled
 Compressed Oops: Enabled (Zero based)
 Heap Region Size: 2M
 Heap Min Capacity: 8M
 Heap Initial Capacity: 160M
 Heap Max Capacity: 2546M
 Pre-touch: Disabled
 Parallel Workers: 4
 Concurrent Workers: 1
 Concurrent Refinement Workers: 4
 Periodic GC: Disabled

Heap:
 garbage-first heap   total 163840K, used 20183K [0x0000000760e00000, 0x0000000800000000)
  region size 2048K, 7 young (14336K), 2 survivors (4096K)
 Metaspace       used 12095K, committed 12288K, reserved 1114112K
  class space    used 1462K, committed 1600K, reserved 1048576K

Heap Regions: E=young(eden), S=young(survivor), O=old, HS=humongous(starts), HC=humongous(continues), CS=collection set, F=free, OA=open archive, CA=closed archive, TAMS=top-at-mark-start (previous, next)
|   0|0x0000000760e00000, 0x0000000761000000, 0x0000000761000000|100%| O|  |TAMS 0x0000000760e00000, 0x0000000760e00000| Untracked 
|   1|0x0000000761000000, 0x0000000761200000, 0x0000000761200000|100%| O|  |TAMS 0x0000000761000000, 0x0000000761000000| Untracked 
|   2|0x0000000761200000, 0x0000000761400000, 0x0000000761400000|100%| O|  |TAMS 0x0000000761200000, 0x0000000761200000| Untracked 
|   3|0x0000000761400000, 0x0000000761600000, 0x0000000761600000|100%|HS|  |TAMS 0x0000000761400000, 0x0000000761400000| Complete 
|   4|0x0000000761600000, 0x000000076172d200, 0x0000000761800000| 58%| O|  |TAMS 0x0000000761600000, 0x0000000761600000| Untracked 
|   5|0x0000000761800000, 0x0000000761800000, 0x0000000761a00000|  0%| F|  |TAMS 0x0000000761800000, 0x0000000761800000| Untracked 
|   6|0x0000000761a00000, 0x0000000761a00000, 0x0000000761c00000|  0%| F|  |TAMS 0x0000000761a00000, 0x0000000761a00000| Untracked 
|   7|0x0000000761c00000, 0x0000000761c00000, 0x0000000761e00000|  0%| F|  |TAMS 0x0000000761c00000, 0x0000000761c00000| Untracked 
|   8|0x0000000761e00000, 0x0000000761e00000, 0x0000000762000000|  0%| F|  |TAMS 0x0000000761e00000, 0x0000000761e00000| Untracked 
|   9|0x0000000762000000, 0x0000000762000000, 0x0000000762200000|  0%| F|  |TAMS 0x0000000762000000, 0x0000000762000000| Untracked 
|  10|0x0000000762200000, 0x0000000762200000, 0x0000000762400000|  0%| F|  |TAMS 0x0000000762200000, 0x0000000762200000| Untracked 
|  11|0x0000000762400000, 0x0000000762400000, 0x0000000762600000|  0%| F|  |TAMS 0x0000000762400000, 0x0000000762400000| Untracked 
|  12|0x0000000762600000, 0x0000000762600000, 0x0000000762800000|  0%| F|  |TAMS 0x0000000762600000, 0x0000000762600000| Untracked 
|  13|0x0000000762800000, 0x0000000762800000, 0x0000000762a00000|  0%| F|  |TAMS 0x0000000762800000, 0x0000000762800000| Untracked 
|  14|0x0000000762a00000, 0x0000000762a00000, 0x0000000762c00000|  0%| F|  |TAMS 0x0000000762a00000, 0x0000000762a00000| Untracked 
|  15|0x0000000762c00000, 0x0000000762c00000, 0x0000000762e00000|  0%| F|  |TAMS 0x0000000762c00000, 0x0000000762c00000| Untracked 
|  16|0x0000000762e00000, 0x0000000762e00000, 0x0000000763000000|  0%| F|  |TAMS 0x0000000762e00000, 0x0000000762e00000| Untracked 
|  17|0x0000000763000000, 0x0000000763000000, 0x0000000763200000|  0%| F|  |TAMS 0x0000000763000000, 0x0000000763000000| Untracked 
|  18|0x0000000763200000, 0x0000000763200000, 0x0000000763400000|  0%| F|  |TAMS 0x0000000763200000, 0x0000000763200000| Untracked 
|  19|0x0000000763400000, 0x0000000763400000, 0x0000000763600000|  0%| F|  |TAMS 0x0000000763400000, 0x0000000763400000| Untracked 
|  20|0x0000000763600000, 0x0000000763600000, 0x0000000763800000|  0%| F|  |TAMS 0x0000000763600000, 0x0000000763600000| Untracked 
|  21|0x0000000763800000, 0x0000000763800000, 0x0000000763a00000|  0%| F|  |TAMS 0x0000000763800000, 0x0000000763800000| Untracked 
|  22|0x0000000763a00000, 0x0000000763a00000, 0x0000000763c00000|  0%| F|  |TAMS 0x0000000763a00000, 0x0000000763a00000| Untracked 
|  23|0x0000000763c00000, 0x0000000763c00000, 0x0000000763e00000|  0%| F|  |TAMS 0x0000000763c00000, 0x0000000763c00000| Untracked 
|  24|0x0000000763e00000, 0x0000000763e00000, 0x0000000764000000|  0%| F|  |TAMS 0x0000000763e00000, 0x0000000763e00000| Untracked 
|  25|0x0000000764000000, 0x0000000764000000, 0x0000000764200000|  0%| F|  |TAMS 0x0000000764000000, 0x0000000764000000| Untracked 
|  26|0x0000000764200000, 0x0000000764200000, 0x0000000764400000|  0%| F|  |TAMS 0x0000000764200000, 0x0000000764200000| Untracked 
|  27|0x0000000764400000, 0x0000000764400000, 0x0000000764600000|  0%| F|  |TAMS 0x0000000764400000, 0x0000000764400000| Untracked 
|  28|0x0000000764600000, 0x0000000764600000, 0x0000000764800000|  0%| F|  |TAMS 0x0000000764600000, 0x0000000764600000| Untracked 
|  29|0x0000000764800000, 0x0000000764800000, 0x0000000764a00000|  0%| F|  |TAMS 0x0000000764800000, 0x0000000764800000| Untracked 
|  30|0x0000000764a00000, 0x0000000764a00000, 0x0000000764c00000|  0%| F|  |TAMS 0x0000000764a00000, 0x0000000764a00000| Untracked 
|  31|0x0000000764c00000, 0x0000000764c00000, 0x0000000764e00000|  0%| F|  |TAMS 0x0000000764c00000, 0x0000000764c00000| Untracked 
|  32|0x0000000764e00000, 0x0000000764e00000, 0x0000000765000000|  0%| F|  |TAMS 0x0000000764e00000, 0x0000000764e00000| Untracked 
|  33|0x0000000765000000, 0x0000000765000000, 0x0000000765200000|  0%| F|  |TAMS 0x0000000765000000, 0x0000000765000000| Untracked 
|  34|0x0000000765200000, 0x0000000765200000, 0x0000000765400000|  0%| F|  |TAMS 0x0000000765200000, 0x0000000765200000| Untracked 
|  35|0x0000000765400000, 0x0000000765400000, 0x0000000765600000|  0%| F|  |TAMS 0x0000000765400000, 0x0000000765400000| Untracked 
|  36|0x0000000765600000, 0x0000000765600000, 0x0000000765800000|  0%| F|  |TAMS 0x0000000765600000, 0x0000000765600000| Untracked 
|  37|0x0000000765800000, 0x0000000765800000, 0x0000000765a00000|  0%| F|  |TAMS 0x0000000765800000, 0x0000000765800000| Untracked 
|  38|0x0000000765a00000, 0x0000000765a00000, 0x0000000765c00000|  0%| F|  |TAMS 0x0000000765a00000, 0x0000000765a00000| Untracked 
|  39|0x0000000765c00000, 0x0000000765c00000, 0x0000000765e00000|  0%| F|  |TAMS 0x0000000765c00000, 0x0000000765c00000| Untracked 
|  40|0x0000000765e00000, 0x0000000765e00000, 0x0000000766000000|  0%| F|  |TAMS 0x0000000765e00000, 0x0000000765e00000| Untracked 
|  41|0x0000000766000000, 0x0000000766000000, 0x0000000766200000|  0%| F|  |TAMS 0x0000000766000000, 0x0000000766000000| Untracked 
|  42|0x0000000766200000, 0x0000000766200000, 0x0000000766400000|  0%| F|  |TAMS 0x0000000766200000, 0x0000000766200000| Untracked 
|  43|0x0000000766400000, 0x0000000766400000, 0x0000000766600000|  0%| F|  |TAMS 0x0000000766400000, 0x0000000766400000| Untracked 
|  44|0x0000000766600000, 0x0000000766600000, 0x0000000766800000|  0%| F|  |TAMS 0x0000000766600000, 0x0000000766600000| Untracked 
|  45|0x0000000766800000, 0x0000000766800000, 0x0000000766a00000|  0%| F|  |TAMS 0x0000000766800000, 0x0000000766800000| Untracked 
|  46|0x0000000766a00000, 0x0000000766a00000, 0x0000000766c00000|  0%| F|  |TAMS 0x0000000766a00000, 0x0000000766a00000| Untracked 
|  47|0x0000000766c00000, 0x0000000766c00000, 0x0000000766e00000|  0%| F|  |TAMS 0x0000000766c00000, 0x0000000766c00000| Untracked 
|  48|0x0000000766e00000, 0x0000000766e00000, 0x0000000767000000|  0%| F|  |TAMS 0x0000000766e00000, 0x0000000766e00000| Untracked 
|  49|0x0000000767000000, 0x0000000767000000, 0x0000000767200000|  0%| F|  |TAMS 0x0000000767000000, 0x0000000767000000| Untracked 
|  50|0x0000000767200000, 0x0000000767200000, 0x0000000767400000|  0%| F|  |TAMS 0x0000000767200000, 0x0000000767200000| Untracked 
|  51|0x0000000767400000, 0x0000000767400000, 0x0000000767600000|  0%| F|  |TAMS 0x0000000767400000, 0x0000000767400000| Untracked 
|  52|0x0000000767600000, 0x0000000767600000, 0x0000000767800000|  0%| F|  |TAMS 0x0000000767600000, 0x0000000767600000| Untracked 
|  53|0x0000000767800000, 0x0000000767800000, 0x0000000767a00000|  0%| F|  |TAMS 0x0000000767800000, 0x0000000767800000| Untracked 
|  54|0x0000000767a00000, 0x0000000767a00000, 0x0000000767c00000|  0%| F|  |TAMS 0x0000000767a00000, 0x0000000767a00000| Untracked 
|  55|0x0000000767c00000, 0x0000000767c00000, 0x0000000767e00000|  0%| F|  |TAMS 0x0000000767c00000, 0x0000000767c00000| Untracked 
|  56|0x0000000767e00000, 0x0000000767e00000, 0x0000000768000000|  0%| F|  |TAMS 0x0000000767e00000, 0x0000000767e00000| Untracked 
|  57|0x0000000768000000, 0x0000000768000000, 0x0000000768200000|  0%| F|  |TAMS 0x0000000768000000, 0x0000000768000000| Untracked 
|  58|0x0000000768200000, 0x0000000768200000, 0x0000000768400000|  0%| F|  |TAMS 0x0000000768200000, 0x0000000768200000| Untracked 
|  59|0x0000000768400000, 0x0000000768400000, 0x0000000768600000|  0%| F|  |TAMS 0x0000000768400000, 0x0000000768400000| Untracked 
|  60|0x0000000768600000, 0x0000000768600000, 0x0000000768800000|  0%| F|  |TAMS 0x0000000768600000, 0x0000000768600000| Untracked 
|  61|0x0000000768800000, 0x0000000768800000, 0x0000000768a00000|  0%| F|  |TAMS 0x0000000768800000, 0x0000000768800000| Untracked 
|  62|0x0000000768a00000, 0x0000000768a00000, 0x0000000768c00000|  0%| F|  |TAMS 0x0000000768a00000, 0x0000000768a00000| Untracked 
|  63|0x0000000768c00000, 0x0000000768c00000, 0x0000000768e00000|  0%| F|  |TAMS 0x0000000768c00000, 0x0000000768c00000| Untracked 
|  64|0x0000000768e00000, 0x0000000768e00000, 0x0000000769000000|  0%| F|  |TAMS 0x0000000768e00000, 0x0000000768e00000| Untracked 
|  65|0x0000000769000000, 0x0000000769000000, 0x0000000769200000|  0%| F|  |TAMS 0x0000000769000000, 0x0000000769000000| Untracked 
|  66|0x0000000769200000, 0x0000000769200000, 0x0000000769400000|  0%| F|  |TAMS 0x0000000769200000, 0x0000000769200000| Untracked 
|  67|0x0000000769400000, 0x0000000769400000, 0x0000000769600000|  0%| F|  |TAMS 0x0000000769400000, 0x0000000769400000| Untracked 
|  68|0x0000000769600000, 0x0000000769688c50, 0x0000000769800000| 26%| S|CS|TAMS 0x0000000769600000, 0x0000000769600000| Complete 
|  69|0x0000000769800000, 0x0000000769a00000, 0x0000000769a00000|100%| S|CS|TAMS 0x0000000769800000, 0x0000000769800000| Complete 
|  70|0x0000000769a00000, 0x0000000769a00000, 0x0000000769c00000|  0%| F|  |TAMS 0x0000000769a00000, 0x0000000769a00000| Untracked 
|  71|0x0000000769c00000, 0x0000000769c00000, 0x0000000769e00000|  0%| F|  |TAMS 0x0000000769c00000, 0x0000000769c00000| Untracked 
|  72|0x0000000769e00000, 0x0000000769e00000, 0x000000076a000000|  0%| F|  |TAMS 0x0000000769e00000, 0x0000000769e00000| Untracked 
|  73|0x000000076a000000, 0x000000076a000000, 0x000000076a200000|  0%| F|  |TAMS 0x000000076a000000, 0x000000076a000000| Untracked 
|  74|0x000000076a200000, 0x000000076a200000, 0x000000076a400000|  0%| F|  |TAMS 0x000000076a200000, 0x000000076a200000| Untracked 
|  75|0x000000076a400000, 0x000000076a600000, 0x000000076a600000|100%| E|  |TAMS 0x000000076a400000, 0x000000076a400000| Complete 
|  76|0x000000076a600000, 0x000000076a800000, 0x000000076a800000|100%| E|CS|TAMS 0x000000076a600000, 0x000000076a600000| Complete 
|  77|0x000000076a800000, 0x000000076aa00000, 0x000000076aa00000|100%| E|CS|TAMS 0x000000076a800000, 0x000000076a800000| Complete 
|  78|0x000000076aa00000, 0x000000076ac00000, 0x000000076ac00000|100%| E|CS|TAMS 0x000000076aa00000, 0x000000076aa00000| Complete 
|  79|0x000000076ac00000, 0x000000076ae00000, 0x000000076ae00000|100%| E|CS|TAMS 0x000000076ac00000, 0x000000076ac00000| Complete 

Card table byte_map: [0x0000027afa190000,0x0000027afa690000] _byte_map_base: 0x0000027af6689000

Marking Bits (Prev, Next): (CMBitMap*) 0x0000027af6510a80, (CMBitMap*) 0x0000027af6510ac0
 Prev Bits: [0x0000027afab90000, 0x0000027afd358000)
 Next Bits: [0x0000027afd360000, 0x0000027affb28000)

Polling page: 0x0000027af43f0000

Metaspace:

Usage:
  Non-class:     10.38 MB used.
      Class:      1.43 MB used.
       Both:     11.81 MB used.

Virtual space:
  Non-class space:       64.00 MB reserved,      10.44 MB ( 16%) committed,  1 nodes.
      Class space:        1.00 GB reserved,       1.56 MB ( <1%) committed,  1 nodes.
             Both:        1.06 GB reserved,      12.00 MB (  1%) committed. 

Chunk freelists:
   Non-Class:  5.11 MB
       Class:  14.34 MB
        Both:  19.45 MB

MaxMetaspaceSize: unlimited
CompressedClassSpaceSize: 1.00 GB
Initial GC threshold: 21.00 MB
Current GC threshold: 21.00 MB
CDS: on
MetaspaceReclaimPolicy: balanced
 - commit_granule_bytes: 65536.
 - commit_granule_words: 8192.
 - virtual_space_node_default_size: 8388608.
 - enlarge_chunks_in_place: 1.
 - new_chunks_are_fully_committed: 0.
 - uncommit_free_chunks: 1.
 - use_allocation_guard: 0.
 - handle_deallocations: 1.


Internal statistics:

num_allocs_failed_limit: 0.
num_arena_births: 168.
num_arena_deaths: 0.
num_vsnodes_births: 2.
num_vsnodes_deaths: 0.
num_space_committed: 192.
num_space_uncommitted: 0.
num_chunks_returned_to_freelist: 0.
num_chunks_taken_from_freelist: 513.
num_chunk_merges: 0.
num_chunk_splits: 297.
num_chunks_enlarged: 199.
num_inconsistent_stats: 0.

CodeHeap 'non-profiled nmethods': size=120000Kb used=627Kb max_used=627Kb free=119373Kb
 bounds [0x0000027a87ad0000, 0x0000027a87d40000, 0x0000027a8f000000]
CodeHeap 'profiled nmethods': size=120000Kb used=3264Kb max_used=3264Kb free=116735Kb
 bounds [0x0000027a80000000, 0x0000027a80340000, 0x0000027a87530000]
CodeHeap 'non-nmethods': size=5760Kb used=1177Kb max_used=1206Kb free=4582Kb
 bounds [0x0000027a87530000, 0x0000027a877a0000, 0x0000027a87ad0000]
 total_blobs=2181 nmethods=1714 adapters=379
 compilation: enabled
              stopped_count=0, restarted_count=0
 full_count=0

Compilation events (20 events):
Event: 4.074 Thread 0x0000027a911c3950 nmethod 1708 0x0000027a8032b890 code [0x0000027a8032ba20, 0x0000027a8032bb78]
Event: 4.074 Thread 0x0000027a911c3950 1709       3       sun.reflect.generics.parser.SignatureParser::parseTypeSig (10 bytes)
Event: 4.074 Thread 0x0000027a911c3950 nmethod 1709 0x0000027a8032bc10 code [0x0000027a8032bdc0, 0x0000027a8032bfc8]
Event: 4.074 Thread 0x0000027a911c3950 1710       3       sun.reflect.generics.parser.SignatureParser::init (16 bytes)
Event: 4.074 Thread 0x0000027a911c3950 nmethod 1710 0x0000027a8032c090 code [0x0000027a8032c220, 0x0000027a8032c398]
Event: 4.074 Thread 0x0000027a911c3950 1711       3       sun.reflect.generics.parser.SignatureParser::parseTypeSignature (130 bytes)
Event: 4.074 Thread 0x0000027a911c3950 nmethod 1711 0x0000027a8032c410 code [0x0000027a8032c5e0, 0x0000027a8032ca28]
Event: 4.075 Thread 0x0000027a911c3950 1712       3       sun.reflect.annotation.AnnotationType::getInstance (65 bytes)
Event: 4.076 Thread 0x0000027a911c3950 nmethod 1712 0x0000027a8032cb10 code [0x0000027a8032cd00, 0x0000027a8032d298]
Event: 4.076 Thread 0x0000027a911c3950 1713       3       java.lang.System$2::getAnnotationType (5 bytes)
Event: 4.077 Thread 0x0000027a911c3950 nmethod 1713 0x0000027a8032d590 code [0x0000027a8032d720, 0x0000027a8032d858]
Event: 4.077 Thread 0x0000027a911c3950 1714       1       java.util.Collections$SingletonList::size (2 bytes)
Event: 4.077 Thread 0x0000027a911c3950 nmethod 1714 0x0000027a87b6c910 code [0x0000027a87b6caa0, 0x0000027a87b6cb78]
Event: 4.082 Thread 0x0000027a911c3950 1715       3       java.nio.Buffer::<init> (105 bytes)
Event: 4.084 Thread 0x0000027a911c3950 nmethod 1715 0x0000027a8032d910 code [0x0000027a8032dbc0, 0x0000027a8032e718]
Event: 4.084 Thread 0x0000027a911c3950 1716   !   3       jdk.internal.reflect.NativeConstructorAccessorImpl::newInstance (122 bytes)
Event: 4.088 Thread 0x0000027a911c3950 nmethod 1716 0x0000027a8032eb10 code [0x0000027a8032ed60, 0x0000027a8032f948]
Event: 4.088 Thread 0x0000027a911c3950 1717       3       java.nio.ByteBuffer::position (6 bytes)
Event: 4.088 Thread 0x0000027a911c3950 nmethod 1717 0x0000027a8032fe90 code [0x0000027a80330040, 0x0000027a80330208]
Event: 4.092 Thread 0x0000027a911c3950 1718   !   3       sun.reflect.annotation.AnnotationParser::parseAnnotation2 (271 bytes)

GC Heap History (6 events):
Event: 1.331 GC heap before
{Heap before GC invocations=0 (full 0):
 garbage-first heap   total 163840K, used 12288K [0x0000000760e00000, 0x0000000800000000)
  region size 2048K, 6 young (12288K), 0 survivors (0K)
 Metaspace       used 3167K, committed 3328K, reserved 1114112K
  class space    used 289K, committed 384K, reserved 1048576K
}
Event: 1.341 GC heap after
{Heap after GC invocations=1 (full 0):
 garbage-first heap   total 163840K, used 7257K [0x0000000760e00000, 0x0000000800000000)
  region size 2048K, 1 young (2048K), 1 survivors (2048K)
 Metaspace       used 3167K, committed 3328K, reserved 1114112K
  class space    used 289K, committed 384K, reserved 1048576K
}
Event: 1.821 GC heap before
{Heap before GC invocations=1 (full 0):
 garbage-first heap   total 163840K, used 17497K [0x0000000760e00000, 0x0000000800000000)
  region size 2048K, 5 young (10240K), 1 survivors (2048K)
 Metaspace       used 5164K, committed 5312K, reserved 1114112K
  class space    used 555K, committed 640K, reserved 1048576K
}
Event: 1.826 GC heap after
{Heap after GC invocations=2 (full 0):
 garbage-first heap   total 163840K, used 10697K [0x0000000760e00000, 0x0000000800000000)
  region size 2048K, 1 young (2048K), 1 survivors (2048K)
 Metaspace       used 5164K, committed 5312K, reserved 1114112K
  class space    used 555K, committed 640K, reserved 1048576K
}
Event: 3.495 GC heap before
{Heap before GC invocations=2 (full 0):
 garbage-first heap   total 163840K, used 29129K [0x0000000760e00000, 0x0000000800000000)
  region size 2048K, 10 young (20480K), 1 survivors (2048K)
 Metaspace       used 10196K, committed 10432K, reserved 1114112K
  class space    used 1221K, committed 1344K, reserved 1048576K
}
Event: 3.503 GC heap after
{Heap after GC invocations=3 (full 0):
 garbage-first heap   total 163840K, used 11991K [0x0000000760e00000, 0x0000000800000000)
  region size 2048K, 2 young (4096K), 2 survivors (4096K)
 Metaspace       used 10196K, committed 10432K, reserved 1114112K
  class space    used 1221K, committed 1344K, reserved 1048576K
}

Dll operation events (4 events):
Event: 0.046 Loaded shared library C:\Users\yan_c\.jdks\jbr-17.0.14\bin\java.dll
Event: 0.049 Loaded shared library C:\Users\yan_c\.jdks\jbr-17.0.14\bin\zip.dll
Event: 0.119 Loaded shared library C:\Users\yan_c\.jdks\jbr-17.0.14\bin\jsvml.dll
Event: 1.544 Loaded shared library C:\Users\yan_c\.jdks\jbr-17.0.14\bin\verify.dll

Deoptimization events (20 events):
Event: 3.815 Thread 0x0000027af64be480 Uncommon trap: trap_request=0xffffffc6 fr.pc=0x0000027a87b530a4 relative=0x00000000000014e4
Event: 3.815 Thread 0x0000027af64be480 Uncommon trap: reason=bimorphic_or_optimized_type_check action=maybe_recompile pc=0x0000027a87b530a4 method=java.util.HashMap.putVal(ILjava/lang/Object;Ljava/lang/Object;ZZ)Ljava/lang/Object; @ 56 c2
Event: 3.815 Thread 0x0000027af64be480 DEOPT PACKING pc=0x0000027a87b530a4 sp=0x000000c03fbfbdb0
Event: 3.815 Thread 0x0000027af64be480 DEOPT UNPACKING pc=0x0000027a875869a3 sp=0x000000c03fbfbce0 mode 2
Event: 3.882 Thread 0x0000027af64be480 Uncommon trap: trap_request=0xffffff45 fr.pc=0x0000027a87b0ca84 relative=0x0000000000000624
Event: 3.882 Thread 0x0000027af64be480 Uncommon trap: reason=unstable_if action=reinterpret pc=0x0000027a87b0ca84 method=java.util.zip.ZipCoder.hash(Ljava/lang/String;)I @ 23 c2
Event: 3.882 Thread 0x0000027af64be480 DEOPT PACKING pc=0x0000027a87b0ca84 sp=0x000000c03fbfc3d0
Event: 3.882 Thread 0x0000027af64be480 DEOPT UNPACKING pc=0x0000027a875869a3 sp=0x000000c03fbfc2e0 mode 2
Event: 3.882 Thread 0x0000027af64be480 Uncommon trap: trap_request=0xffffff45 fr.pc=0x0000027a87b08dd8 relative=0x0000000000000238
Event: 3.882 Thread 0x0000027af64be480 Uncommon trap: reason=unstable_if action=reinterpret pc=0x0000027a87b08dd8 method=java.util.zip.ZipCoder.hash(Ljava/lang/String;)I @ 23 c2
Event: 3.882 Thread 0x0000027af64be480 DEOPT PACKING pc=0x0000027a87b08dd8 sp=0x000000c03fbfc400
Event: 3.882 Thread 0x0000027af64be480 DEOPT UNPACKING pc=0x0000027a875869a3 sp=0x000000c03fbfc398 mode 2
Event: 3.882 Thread 0x0000027af64be480 Uncommon trap: trap_request=0xffffff45 fr.pc=0x0000027a87b27a04 relative=0x0000000000001b04
Event: 3.882 Thread 0x0000027af64be480 Uncommon trap: reason=unstable_if action=reinterpret pc=0x0000027a87b27a04 method=java.io.WinNTFileSystem.normalize(Ljava/lang/String;)Ljava/lang/String; @ 128 c2
Event: 3.882 Thread 0x0000027af64be480 DEOPT PACKING pc=0x0000027a87b27a04 sp=0x000000c03fbfc3a0
Event: 3.882 Thread 0x0000027af64be480 DEOPT UNPACKING pc=0x0000027a875869a3 sp=0x000000c03fbfc378 mode 2
Event: 3.898 Thread 0x0000027af64be480 Uncommon trap: trap_request=0xffffff45 fr.pc=0x0000027a87af08c0 relative=0x0000000000000040
Event: 3.898 Thread 0x0000027af64be480 Uncommon trap: reason=unstable_if action=reinterpret pc=0x0000027a87af08c0 method=sun.nio.fs.WindowsPathParser.isSlash(C)Z @ 9 c2
Event: 3.898 Thread 0x0000027af64be480 DEOPT PACKING pc=0x0000027a87af08c0 sp=0x000000c03fbfc6a0
Event: 3.898 Thread 0x0000027af64be480 DEOPT UNPACKING pc=0x0000027a875869a3 sp=0x000000c03fbfc628 mode 2

Classes loaded (20 events):
Event: 3.972 Loading class org/springframework/core/annotation/MergedAnnotation
Event: 3.972 Loading class org/springframework/core/annotation/MergedAnnotation done
Event: 3.997 Loading class org/springframework/stereotype/Service
Event: 3.997 Loading class org/springframework/stereotype/Service done
Event: 4.001 Loading class org/springframework/core/annotation/ValueExtractor
Event: 4.001 Loading class org/springframework/core/annotation/ValueExtractor done
Event: 4.069 Loading class org/testcontainers/junit/jupiter/Testcontainers
Event: 4.069 Loading class org/testcontainers/junit/jupiter/Testcontainers done
Event: 4.072 Loading class org/testcontainers/junit/jupiter/TestcontainersExtension
Event: 4.072 Loading class org/testcontainers/junit/jupiter/TestcontainersExtension done
Event: 4.079 Loading class org/springframework/boot/autoconfigure/SpringBootApplication
Event: 4.079 Loading class org/springframework/boot/autoconfigure/SpringBootApplication done
Event: 4.082 Loading class org/springframework/boot/autoconfigure/EnableAutoConfiguration
Event: 4.082 Loading class org/springframework/boot/autoconfigure/EnableAutoConfiguration done
Event: 4.085 Loading class org/springframework/context/annotation/ComponentScan
Event: 4.085 Loading class org/springframework/context/annotation/ComponentScan done
Event: 4.087 Loading class org/springframework/context/annotation/ComponentScan$Filter
Event: 4.087 Loading class org/springframework/context/annotation/ComponentScan$Filter done
Event: 4.088 Loading class org/springframework/context/annotation/ScopedProxyMode
Event: 4.088 Loading class org/springframework/context/annotation/ScopedProxyMode done

Classes unloaded (0 events):
No events

Classes redefined (1 events):
Event: 0.897 Thread 0x0000027a91185da0 redefined class name=java.lang.Throwable, count=1

Internal exceptions (20 events):
Event: 2.088 Thread 0x0000027af64be480 Exception <a 'java/lang/NoSuchMethodError'{0x000000076a8e0bd0}: 'java.lang.Object java.lang.invoke.DirectMethodHandle$Holder.newInvokeSpecial(java.lang.Object, java.lang.Object, int)'> (0x000000076a8e0bd0) 
thrown [s\src\hotspot\share\interpreter\linkResolver.cpp, line 771]
Event: 2.167 Thread 0x0000027af64be480 Exception <a 'java/lang/NoSuchMethodError'{0x000000076a609038}: 'int java.lang.invoke.DirectMethodHandle$Holder.invokeStatic(java.lang.Object, java.lang.Object, java.lang.Object, java.lang.Object)'> (0x000000076a609038) 
thrown [s\src\hotspot\share\interpreter\linkResolver.cpp, line 771]
Event: 2.167 Thread 0x0000027af64be480 Exception <a 'java/lang/NoSuchMethodError'{0x000000076a60c9d8}: 'java.lang.Object java.lang.invoke.Invokers$Holder.invokeExact_MT(java.lang.Object, java.lang.Object, java.lang.Object, java.lang.Object, java.lang.Object, java.lang.Object)'> (0x000000076a60c9d8) 
thrown [s\src\hotspot\share\interpreter\linkResolver.cpp, line 771]
Event: 2.172 Thread 0x0000027af64be480 Exception <a 'java/lang/NoSuchMethodError'{0x000000076a61cdf8}: 'int java.lang.invoke.DirectMethodHandle$Holder.invokeStatic(java.lang.Object, java.lang.Object, java.lang.Object, java.lang.Object, java.lang.Object)'> (0x000000076a61cdf8) 
thrown [s\src\hotspot\share\interpreter\linkResolver.cpp, line 771]
Event: 2.201 Thread 0x0000027af64be480 Exception <a 'java/lang/NoSuchMethodError'{0x000000076a677668}: 'void java.lang.invoke.DirectMethodHandle$Holder.invokeStaticInit(java.lang.Object)'> (0x000000076a677668) 
thrown [s\src\hotspot\share\interpreter\linkResolver.cpp, line 771]
Event: 2.245 Thread 0x0000027af64be480 Exception <a 'java/lang/NoSuchMethodError'{0x000000076a75fda0}: 'void java.lang.invoke.DirectMethodHandle$Holder.invokeStaticInit(java.lang.Object, java.lang.Object, java.lang.Object, java.lang.Object)'> (0x000000076a75fda0) 
thrown [s\src\hotspot\share\interpreter\linkResolver.cpp, line 771]
Event: 2.269 Thread 0x0000027af64be480 Exception <a 'java/lang/NoSuchMethodError'{0x000000076a7ca250}: 'int java.lang.invoke.DirectMethodHandle$Holder.invokeStaticInit(java.lang.Object, java.lang.Object)'> (0x000000076a7ca250) 
thrown [s\src\hotspot\share\interpreter\linkResolver.cpp, line 771]
Event: 2.552 Thread 0x0000027af64be480 Exception <a 'java/lang/ClassNotFoundException'{0x000000076a1bbc88}: javax/smartcardio/CardPermission> (0x000000076a1bbc88) 
thrown [s\src\hotspot\share\classfile\systemDictionary.cpp, line 256]
Event: 2.562 Thread 0x0000027af64be480 Exception <a 'java/io/FileNotFoundException'{0x000000076a1cd690}> (0x000000076a1cd690) 
thrown [s\src\hotspot\share\prims\jni.cpp, line 531]
Event: 2.615 Thread 0x0000027af64be480 Exception <a 'java/lang/NoSuchMethodError'{0x0000000769e625c0}: 'java.lang.Object java.lang.invoke.DirectMethodHandle$Holder.invokeSpecial(java.lang.Object, java.lang.Object, java.lang.Object, long, java.lang.Object)'> (0x0000000769e625c0) 
thrown [s\src\hotspot\share\interpreter\linkResolver.cpp, line 771]
Event: 2.616 Thread 0x0000027af64be480 Exception <a 'java/lang/NoSuchMethodError'{0x0000000769e66458}: 'java.lang.Object java.lang.invoke.Invokers$Holder.linkToTargetMethod(java.lang.Object, long, java.lang.Object, java.lang.Object)'> (0x0000000769e66458) 
thrown [s\src\hotspot\share\interpreter\linkResolver.cpp, line 771]
Event: 3.466 Thread 0x0000027af64be480 Exception <a 'java/lang/NoSuchMethodError'{0x0000000769b91598}: 'int java.lang.invoke.DirectMethodHandle$Holder.invokeStaticInit(java.lang.Object, java.lang.Object, java.lang.Object)'> (0x0000000769b91598) 
thrown [s\src\hotspot\share\interpreter\linkResolver.cpp, line 771]
Event: 3.530 Thread 0x0000027af64be480 Exception <a 'java/lang/NoSuchMethodError'{0x000000076ad22848}: 'int java.lang.invoke.DirectMethodHandle$Holder.invokeInterface(java.lang.Object, java.lang.Object)'> (0x000000076ad22848) 
thrown [s\src\hotspot\share\interpreter\linkResolver.cpp, line 771]
Event: 3.581 Thread 0x0000027af64be480 Exception <a 'java/lang/NoSuchMethodError'{0x000000076aa3b6a8}: 'void java.lang.invoke.DirectMethodHandle$Holder.invokeStaticInit(java.lang.Object, java.lang.Object)'> (0x000000076aa3b6a8) 
thrown [s\src\hotspot\share\interpreter\linkResolver.cpp, line 771]
Event: 3.594 Thread 0x0000027af64be480 Exception <a 'java/lang/NoSuchMethodError'{0x000000076aa80180}: 'java.lang.Object java.lang.invoke.DirectMethodHandle$Holder.invokeStatic(java.lang.Object, int, java.lang.Object)'> (0x000000076aa80180) 
thrown [s\src\hotspot\share\interpreter\linkResolver.cpp, line 771]
Event: 3.648 Thread 0x0000027af64be480 Exception <a 'java/lang/NoSuchMethodError'{0x000000076ab3c430}: 'int java.lang.invoke.DirectMethodHandle$Holder.invokeVirtual(java.lang.Object, java.lang.Object, java.lang.Object)'> (0x000000076ab3c430) 
thrown [s\src\hotspot\share\interpreter\linkResolver.cpp, line 771]
Event: 3.768 Thread 0x0000027af64be480 Exception <a 'java/lang/IncompatibleClassChangeError'{0x000000076a90a2a0}: Found class java.lang.Object, but interface was expected> (0x000000076a90a2a0) 
thrown [s\src\hotspot\share\interpreter\linkResolver.cpp, line 838]
Event: 3.875 Thread 0x0000027af64be480 Exception <a 'java/lang/NoSuchMethodError'{0x000000076a6a2280}: 'int java.lang.invoke.DirectMethodHandle$Holder.invokeSpecial(java.lang.Object, java.lang.Object, java.lang.Object, java.lang.Object)'> (0x000000076a6a2280) 
thrown [s\src\hotspot\share\interpreter\linkResolver.cpp, line 771]
Event: 3.900 Thread 0x0000027af64be480 Exception <a 'java/lang/NoSuchMethodError'{0x000000076a6c42a0}: 'int java.lang.invoke.DirectMethodHandle$Holder.invokeSpecial(java.lang.Object, java.lang.Object, java.lang.Object, java.lang.Object, java.lang.Object)'> (0x000000076a6c42a0) 
thrown [s\src\hotspot\share\interpreter\linkResolver.cpp, line 771]
Event: 3.910 Thread 0x0000027af64be480 Exception <a 'java/lang/NoSuchMethodError'{0x000000076a6d41c8}: 'void java.lang.invoke.DirectMethodHandle$Holder.invokeVirtual(java.lang.Object, java.lang.Object)'> (0x000000076a6d41c8) 
thrown [s\src\hotspot\share\interpreter\linkResolver.cpp, line 771]

VM Operations (20 events):
Event: 1.666 Executing VM operation: HandshakeAllThreads
Event: 1.666 Executing VM operation: HandshakeAllThreads done
Event: 1.746 Executing VM operation: HandshakeAllThreads
Event: 1.746 Executing VM operation: HandshakeAllThreads done
Event: 1.821 Executing VM operation: G1CollectForAllocation
Event: 1.826 Executing VM operation: G1CollectForAllocation done
Event: 2.127 Executing VM operation: HandshakeAllThreads
Event: 2.127 Executing VM operation: HandshakeAllThreads done
Event: 2.428 Executing VM operation: HandshakeAllThreads
Event: 2.428 Executing VM operation: HandshakeAllThreads done
Event: 2.573 Executing VM operation: HandshakeAllThreads
Event: 2.573 Executing VM operation: HandshakeAllThreads done
Event: 2.656 Executing VM operation: HandshakeAllThreads
Event: 2.657 Executing VM operation: HandshakeAllThreads done
Event: 3.495 Executing VM operation: G1CollectForAllocation
Event: 3.503 Executing VM operation: G1CollectForAllocation done
Event: 3.532 Executing VM operation: HandshakeAllThreads
Event: 3.532 Executing VM operation: HandshakeAllThreads done
Event: 3.814 Executing VM operation: HandshakeAllThreads
Event: 3.814 Executing VM operation: HandshakeAllThreads done

Memory protections (0 events):
No events

Nmethod flushes (0 events):
No events

Events (20 events):
Event: 0.153 Thread 0x0000027af64be480 Thread added: 0x0000027a911a3e70
Event: 0.153 Thread 0x0000027af64be480 Thread added: 0x0000027a911a4740
Event: 0.153 Thread 0x0000027af64be480 Thread added: 0x0000027a911ad350
Event: 0.154 Thread 0x0000027af64be480 Thread added: 0x0000027a911c3950
Event: 0.158 Thread 0x0000027af64be480 Thread added: 0x0000027a91498030
Event: 0.694 Thread 0x0000027af64be480 Thread added: 0x0000027a91173180
Event: 0.742 Loaded shared library C:\Users\yan_c\.jdks\jbr-17.0.14\bin\instrument.dll
Event: 0.759 Loaded shared library C:\Users\yan_c\.jdks\jbr-17.0.14\bin\net.dll
Event: 0.766 Loaded shared library C:\Users\yan_c\.jdks\jbr-17.0.14\bin\nio.dll
Event: 0.804 Loaded shared library C:\Users\yan_c\.jdks\jbr-17.0.14\bin\zip.dll
Event: 0.852 Loaded shared library C:\Program Files\JetBrains\IntelliJ IDEA Community Edition 2024.3\bin\breakgen64.dll
Event: 0.854 Thread 0x0000027af64be480 Thread added: 0x0000027a915c1cb0
Event: 0.879 Loaded shared library C:\Users\yan_c\.jdks\jbr-17.0.14\bin\extnet.dll
Event: 0.902 Thread 0x0000027af64be480 Thread added: 0x0000027a91778f70
Event: 1.288 Loaded shared library C:\Users\yan_c\.jdks\jbr-17.0.14\bin\jimage.dll
Event: 1.628 Thread 0x0000027a911ad350 Thread added: 0x0000027ad76bb750
Event: 2.249 Thread 0x0000027ad76bb750 Thread exited: 0x0000027ad76bb750
Event: 2.659 Thread 0x0000027a911c3950 Thread added: 0x0000027ad7f58ce0
Event: 3.255 Thread 0x0000027ad7f58ce0 Thread exited: 0x0000027ad7f58ce0
Event: 3.825 Thread 0x0000027a911c3950 Thread added: 0x0000027ad83db7a0


Dynamic libraries:
0x00007ff6e7830000 - 0x00007ff6e783a000 	C:\Users\yan_c\.jdks\jbr-17.0.14\bin\java.exe
0x00007ffe68f60000 - 0x00007ffe691c3000 	C:\WINDOWS\SYSTEM32\ntdll.dll
0x00007ffe67920000 - 0x00007ffe679e7000 	C:\WINDOWS\System32\KERNEL32.DLL
0x00007ffe66850000 - 0x00007ffe66c17000 	C:\WINDOWS\System32\KERNELBASE.dll
0x00007ffe66c50000 - 0x00007ffe66d9c000 	C:\WINDOWS\System32\ucrtbase.dll
0x00007ffe63370000 - 0x00007ffe63387000 	C:\Users\yan_c\.jdks\jbr-17.0.14\bin\jli.dll
0x00007ffe68cf0000 - 0x00007ffe68eb9000 	C:\WINDOWS\System32\USER32.dll
0x00007ffe61340000 - 0x00007ffe6135b000 	C:\Users\yan_c\.jdks\jbr-17.0.14\bin\VCRUNTIME140.dll
0x00007ffe66c20000 - 0x00007ffe66c47000 	C:\WINDOWS\System32\win32u.dll
0x00007ffe68cc0000 - 0x00007ffe68cea000 	C:\WINDOWS\System32\GDI32.dll
0x00007ffe49420000 - 0x00007ffe496b0000 	C:\WINDOWS\WinSxS\amd64_microsoft.windows.common-controls_6595b64144ccf1df_6.0.26100.3037_none_3e09262ce333c378\COMCTL32.dll
0x00007ffe66680000 - 0x00007ffe667ab000 	C:\WINDOWS\System32\gdi32full.dll
0x00007ffe66db0000 - 0x00007ffe66e59000 	C:\WINDOWS\System32\msvcrt.dll
0x00007ffe66390000 - 0x00007ffe66433000 	C:\WINDOWS\System32\msvcp_win.dll
0x00007ffe68b50000 - 0x00007ffe68b7f000 	C:\WINDOWS\System32\IMM32.DLL
0x00007ffe633d0000 - 0x00007ffe633dc000 	C:\Users\yan_c\.jdks\jbr-17.0.14\bin\vcruntime140_1.dll
0x00007ffe57600000 - 0x00007ffe5768d000 	C:\Users\yan_c\.jdks\jbr-17.0.14\bin\msvcp140.dll
0x00007ffe36150000 - 0x00007ffe36dde000 	C:\Users\yan_c\.jdks\jbr-17.0.14\bin\server\jvm.dll
0x00007ffe67860000 - 0x00007ffe67914000 	C:\WINDOWS\System32\ADVAPI32.dll
0x00007ffe68610000 - 0x00007ffe686b6000 	C:\WINDOWS\System32\sechost.dll
0x00007ffe67d60000 - 0x00007ffe67e76000 	C:\WINDOWS\System32\RPCRT4.dll
0x00007ffe67550000 - 0x00007ffe675c4000 	C:\WINDOWS\System32\WS2_32.dll
0x00007ffe66190000 - 0x00007ffe661de000 	C:\WINDOWS\SYSTEM32\POWRPROF.dll
0x00007ffe5fa40000 - 0x00007ffe5fa76000 	C:\WINDOWS\SYSTEM32\WINMM.dll
0x00007ffe5fa80000 - 0x00007ffe5fa8b000 	C:\WINDOWS\SYSTEM32\VERSION.dll
0x00007ffe66170000 - 0x00007ffe66184000 	C:\WINDOWS\SYSTEM32\UMPDC.dll
0x00007ffe65130000 - 0x00007ffe6514a000 	C:\WINDOWS\SYSTEM32\kernel.appcore.dll
0x00007ffe61330000 - 0x00007ffe6133a000 	C:\Users\yan_c\.jdks\jbr-17.0.14\bin\jimage.dll
0x00007ffe59c20000 - 0x00007ffe59e61000 	C:\WINDOWS\SYSTEM32\DBGHELP.DLL
0x00007ffe66fc0000 - 0x00007ffe6733e000 	C:\WINDOWS\System32\combase.dll
0x00007ffe675d0000 - 0x00007ffe676a6000 	C:\WINDOWS\System32\OLEAUT32.dll
0x00007ffe530a0000 - 0x00007ffe530d9000 	C:\WINDOWS\SYSTEM32\dbgcore.DLL
0x00007ffe667b0000 - 0x00007ffe66849000 	C:\WINDOWS\System32\bcryptPrimitives.dll
0x00007ffe57790000 - 0x00007ffe5779e000 	C:\Users\yan_c\.jdks\jbr-17.0.14\bin\instrument.dll
0x00007ffe5abb0000 - 0x00007ffe5abd5000 	C:\Users\yan_c\.jdks\jbr-17.0.14\bin\java.dll
0x00007ffe61270000 - 0x00007ffe61288000 	C:\Users\yan_c\.jdks\jbr-17.0.14\bin\zip.dll
0x00007ffe57130000 - 0x00007ffe57207000 	C:\Users\yan_c\.jdks\jbr-17.0.14\bin\jsvml.dll
0x00007ffe67e80000 - 0x00007ffe68584000 	C:\WINDOWS\System32\SHELL32.dll
0x00007ffe63ff0000 - 0x00007ffe64827000 	C:\WINDOWS\SYSTEM32\windows.storage.dll
0x00007ffe68bd0000 - 0x00007ffe68cb9000 	C:\WINDOWS\System32\SHCORE.dll
0x00007ffe68ec0000 - 0x00007ffe68f1d000 	C:\WINDOWS\System32\shlwapi.dll
0x00007ffe66210000 - 0x00007ffe6623e000 	C:\WINDOWS\SYSTEM32\profapi.dll
0x00007ffe61230000 - 0x00007ffe61249000 	C:\Users\yan_c\.jdks\jbr-17.0.14\bin\net.dll
0x00007ffe5b250000 - 0x00007ffe5b36e000 	C:\WINDOWS\SYSTEM32\WINHTTP.dll
0x00007ffe65640000 - 0x00007ffe656a8000 	C:\WINDOWS\system32\mswsock.dll
0x00007ffe57700000 - 0x00007ffe57716000 	C:\Users\yan_c\.jdks\jbr-17.0.14\bin\nio.dll
0x00007ffe575c0000 - 0x00007ffe575da000 	C:\Program Files\JetBrains\IntelliJ IDEA Community Edition 2024.3\bin\breakgen64.dll
0x00007ffe576f0000 - 0x00007ffe576f9000 	C:\Users\yan_c\.jdks\jbr-17.0.14\bin\extnet.dll
0x00007ffe575e0000 - 0x00007ffe575f0000 	C:\Users\yan_c\.jdks\jbr-17.0.14\bin\verify.dll

dbghelp: loaded successfully - version: 4.0.5 - missing functions: none
symbol engine: initialized successfully - sym options: 0x614 - pdb path: .;C:\Users\yan_c\.jdks\jbr-17.0.14\bin;C:\WINDOWS\SYSTEM32;C:\WINDOWS\WinSxS\amd64_microsoft.windows.common-controls_6595b64144ccf1df_6.0.26100.3037_none_3e09262ce333c378;C:\Users\yan_c\.jdks\jbr-17.0.14\bin\server;C:\Program Files\JetBrains\IntelliJ IDEA Community Edition 2024.3\bin

VM Arguments:
jvm_args: -ea --add-opens=java.base/java.lang=ALL-UNNAMED -Dmockito.allow-incomplete-classpath=true -XX:+EnableDynamicAgentLoading -Djdk.instrument.traceUsage -Didea.test.cyclic.buffer.size=1048576 -javaagent:C:\Program Files\JetBrains\IntelliJ IDEA Community Edition 2024.3\lib\idea_rt.jar=50487:C:\Program Files\JetBrains\IntelliJ IDEA Community Edition 2024.3\bin -javaagent:C:\Users\yan_c\AppData\Local\JetBrains\IdeaIC2024.3\captureAgent\debugger-agent.jar -Dkotlinx.coroutines.debug.enable.creation.stack.trace=false -Ddebugger.agent.enable.coroutines=true -Dkotlinx.coroutines.debug.enable.flows.stack.trace=true -Dkotlinx.coroutines.debug.enable.mutable.state.flows.stack.trace=true -Dfile.encoding=UTF-8 
java_command: com.intellij.rt.junit.JUnitStarter -ideVersion5 -junit5 com.inventory.application.service.Integration.ProductIntegrationTest
java_class_path (initial): C:\Users\yan_c\.m2\repository\org\junit\platform\junit-platform-launcher\1.11.4\junit-platform-launcher-1.11.4.jar;C:\Users\yan_c\.m2\repository\org\junit\vintage\junit-vintage-engine\5.11.4\junit-vintage-engine-5.11.4.jar;C:\Program Files\JetBrains\IntelliJ IDEA Community Edition 2024.3\lib\idea_rt.jar;C:\Program Files\JetBrains\IntelliJ IDEA Community Edition 2024.3\plugins\junit\lib\junit5-rt.jar;C:\Program Files\JetBrains\IntelliJ IDEA Community Edition 2024.3\plugins\junit\lib\junit-rt.jar;C:\Cursos\Java\inventory-project\backend\target\test-classes;C:\Cursos\Java\inventory-project\backend\target\classes;C:\Users\yan_c\.m2\repository\org\springframework\boot\spring-boot-starter-data-jpa\3.4.2\spring-boot-starter-data-jpa-3.4.2.jar;C:\Users\yan_c\.m2\repository\org\springframework\boot\spring-boot-starter\3.4.2\spring-boot-starter-3.4.2.jar;C:\Users\yan_c\.m2\repository\org\springframework\boot\spring-boot\3.4.2\spring-boot-3.4.2.jar;C:\Users\yan_c\.m2\repository\org\springframework\boot\spring-boot-autoconfigure\3.4.2\spring-boot-autoconfigure-3.4.2.jar;C:\Users\yan_c\.m2\repository\org\springframework\boot\spring-boot-starter-logging\3.4.2\spring-boot-starter-logging-3.4.2.jar;C:\Users\yan_c\.m2\repository\ch\qos\logback\logback-classic\1.5.16\logback-classic-1.5.16.jar;C:\Users\yan_c\.m2\repository\ch\qos\logback\logback-core\1.5.16\logback-core-1.5.16.jar;C:\Users\yan_c\.m2\repository\org\apache\logging\log4j\log4j-to-slf4j\2.24.3\log4j-to-slf4j-2.24.3.jar;C:\Users\yan_c\.m2\repository\org\apache\logging\log4j\log4j-api\2.24.3\log4j-api-2.24.3.jar;C:\Users\yan_c\.m2\repository\org\slf4j\jul-to-slf4j\2.0.16\jul-to-slf4j-2.0.16.jar;C:\Users\yan_c\.m2\repository\jakarta\annotation\jakarta.annotation-api\2.1.1\jakarta.annotation-api-2.1.1.jar;C:\Users\yan_c\.m2\repository\org\yaml\snakeyaml\2.3\snakeyaml-2.3.jar;C:\Users\yan_c\.m2\repository\org\springframework\boot\spring-boot-starter-jdbc\3.4.2\spring-boot-starter-jdbc-3.4.2.jar;C:
Launcher Type: SUN_STANDARD

[Global flags]
     intx CICompilerCount                          = 3                                         {product} {ergonomic}
     uint ConcGCThreads                            = 1                                         {product} {ergonomic}
     bool EnableDynamicAgentLoading                = true                                      {product} {command line}
     uint G1ConcRefinementThreads                  = 4                                         {product} {ergonomic}
   size_t G1HeapRegionSize                         = 2097152                                   {product} {ergonomic}
    uintx GCDrainStackTargetSize                   = 64                                        {product} {ergonomic}
   size_t InitialHeapSize                          = 167772160                                 {product} {ergonomic}
   size_t MarkStackSize                            = 4194304                                   {product} {ergonomic}
   size_t MaxHeapSize                              = 2669674496                                {product} {ergonomic}
   size_t MaxNewSize                               = 1600126976                                {product} {ergonomic}
   size_t MinHeapDeltaBytes                        = 2097152                                   {product} {ergonomic}
   size_t MinHeapSize                              = 8388608                                   {product} {ergonomic}
    uintx NonNMethodCodeHeapSize                   = 5832780                                {pd product} {ergonomic}
    uintx NonProfiledCodeHeapSize                  = 122912730                              {pd product} {ergonomic}
    uintx ProfiledCodeHeapSize                     = 122912730                              {pd product} {ergonomic}
    uintx ReservedCodeCacheSize                    = 251658240                              {pd product} {ergonomic}
     bool SegmentedCodeCache                       = true                                      {product} {ergonomic}
   size_t SoftMaxHeapSize                          = 2669674496                             {manageable} {ergonomic}
     bool UseCompressedClassPointers               = true                           {product lp64_product} {ergonomic}
     bool UseCompressedOops                        = true                           {product lp64_product} {ergonomic}
     bool UseG1GC                                  = true                                      {product} {ergonomic}
     bool UseLargePagesIndividualAllocation        = false                                  {pd product} {ergonomic}

Logging:
Log output configuration:
 #0: stdout all=warning uptime,level,tags
 #1: stderr all=off uptime,level,tags

Environment Variables:
PATH=C:\Program Files\apache-maven-3.8.8\bin;C:\Program Files\Common Files\Oracle\Java\javapath;C:\Program Files (x86)\Common Files\Oracle\Java\javapath;C:\WINDOWS\system32;C:\WINDOWS;C:\WINDOWS\System32\Wbem;C:\WINDOWS\System32\WindowsPowerShell\v1.0\;C:\WINDOWS\System32\OpenSSH\;C:\Program Files\Git\cmd;C:\Program Files\Azure Data Studio\bin;C:\Program Files\nodejs\;C:\Users\yan_c\AppData\Local\Microsoft\WindowsApps;C:\Users\yan_c\AppData\Local\GitHubDesktop\bin;C:\Program Files\heroku\bin;C:\Users\yan_c\AppData\Roaming\npm;C:\Users\yan_c\AppData\Local\Programs\Microsoft VS Code\bin
USERNAME=yan_c
OS=Windows_NT
PROCESSOR_IDENTIFIER=AMD64 Family 23 Model 24 Stepping 1, AuthenticAMD
TMP=C:\Users\yan_c\AppData\Local\Temp
TEMP=C:\Users\yan_c\AppData\Local\Temp



Periodic native trim disabled

JNI global refs:
JNI global refs: 15, weak refs: 0

JNI global refs memory usage: 843, weak refs: 209

Process memory usage:
Resident Set Size: 122540K (1% of 10422924K total physical memory with 2363172K free physical memory)

OOME stack traces (most recent first):
Classloader memory used:
