#
# There is insufficient memory for the Java Runtime Environment to continue.
# Native memory allocation (mmap) failed to map 167772160 bytes. Error detail: G1 virtual space
# Possible reasons:
#   The system is out of physical RAM or swap space
#   This process is running with CompressedOops enabled, and the Java Heap may be blocking the growth of the native heap
# Possible solutions:
#   Reduce memory load on the system
#   Increase physical memory or swap space
#   Check if swap backing store is full
#   Decrease Java heap size (-Xmx/-Xms)
#   Decrease number of Java threads
#   Decrease Java thread stack sizes (-Xss)
#   Set larger code cache with -XX:ReservedCodeCacheSize=
#   JVM is running with Zero Based Compressed Oops mode in which the Java heap is
#     placed in the first 32GB address space. The Java Heap base address is the
#     maximum limit for the native heap growth. Please use -XX:HeapBaseMinAddress
#     to set the Java Heap base and to place the Java Heap above 32GB virtual address.
# This output file may be truncated or incomplete.
#
#  Out of Memory Error (os_windows.cpp:3703), pid=2860, tid=6392
#
# JRE version:  (23.0.1+11) (build )
# Java VM: Java HotSpot(TM) 64-Bit Server VM (23.0.1+11-39, mixed mode, sharing, tiered, compressed oops, compressed class ptrs, g1 gc, windows-amd64)
# No core dump will be written. Minidumps are not enabled by default on client versions of Windows
#

---------------  S U M M A R Y ------------

Command Line: -Dnet.bytebuddy.agent.attacher.dump= net.bytebuddy.agent.Attacher com.sun.tools.attach.VirtualMachine 3356 C:\Users\yan_c\.m2\repository\net\bytebuddy\byte-buddy-agent\1.15.11\byte-buddy-agent-1.15.11.jar false 

Host: AMD Ryzen 3 3200U with Radeon Vega Mobile Gfx  , 4 cores, 9G,  Windows 11 , 64 bit Build 26100 (10.0.26100.3037)
Time: Wed Feb 19 22:25:55 2025 Hora verano Sudamérica Pacífico elapsed time: 0.126510 seconds (0d 0h 0m 0s)

---------------  T H R E A D  ---------------

Current thread (0x0000022d5d5e95b0):  JavaThread "Unknown thread" [_thread_in_vm, id=6392, stack(0x0000005f5b700000,0x0000005f5b800000) (1024K)]

Stack: [0x0000005f5b700000,0x0000005f5b800000]
Native frames: (J=compiled Java code, j=interpreted, Vv=VM code, C=native code)
V  [jvm.dll+0x6e08b9]  (no source info available)
V  [jvm.dll+0x87dc83]  (no source info available)
V  [jvm.dll+0x88010e]  (no source info available)
V  [jvm.dll+0x8807e3]  (no source info available)
V  [jvm.dll+0x27aee6]  (no source info available)
V  [jvm.dll+0x6dd1c5]  (no source info available)
V  [jvm.dll+0x6d104a]  (no source info available)
V  [jvm.dll+0x35b3ea]  (no source info available)
V  [jvm.dll+0x3637f6]  (no source info available)
V  [jvm.dll+0x34fd5e]  (no source info available)
V  [jvm.dll+0x34fff8]  (no source info available)
V  [jvm.dll+0x3289cc]  (no source info available)
V  [jvm.dll+0x32966e]  (no source info available)
V  [jvm.dll+0x844355]  (no source info available)
V  [jvm.dll+0x3b9848]  (no source info available)
V  [jvm.dll+0x82d14c]  (no source info available)
V  [jvm.dll+0x454d4e]  (no source info available)
V  [jvm.dll+0x456bd1]  (no source info available)
C  [jli.dll+0x52a3]  (no source info available)
C  [ucrtbase.dll+0x37b0]  (no source info available)
C  [KERNEL32.DLL+0x2e8d7]  (no source info available)
C  [ntdll.dll+0xbbf2c]  (no source info available)

Lock stack of current Java thread (top to bottom):


---------------  P R O C E S S  ---------------

Threads class SMR info:
_java_thread_list=0x00007ffc20c03618, length=0, elements={
}

Java Threads: ( => current thread )
Total: 0

Other Threads:
  0x0000022d5d632b60 WorkerThread "GC Thread#0"                     [id=7360, stack(0x0000005f5b800000,0x0000005f5b900000) (1024K)]
  0x0000022d5d6411a0 ConcurrentGCThread "G1 Main Marker"            [id=1504, stack(0x0000005f5b900000,0x0000005f5ba00000) (1024K)]
  0x0000022d5d642450 WorkerThread "G1 Conc#0"                       [id=11544, stack(0x0000005f5ba00000,0x0000005f5bb00000) (1024K)]

[error occurred during error reporting (printing all threads), id 0xc0000005, EXCEPTION_ACCESS_VIOLATION (0xc0000005) at pc=0x00007ffc2034bfba]
VM state: not at safepoint (not fully initialized)

VM Mutex/Monitor currently owned by a thread:  ([mutex/lock_event])
[0x00007ffc20c83a10] Heap_lock - owner thread: 0x0000022d5d5e95b0

Heap address: 0x0000000760e00000, size: 2546 MB, Compressed Oops mode: Zero based, Oop shift amount: 3

CDS archive(s) mapped at: [0x0000000000000000-0x0000000000000000-0x0000000000000000), size 0, SharedBaseAddress: 0x0000000800000000, ArchiveRelocationMode: 1.
Narrow klass base: 0x0000000000000000, Narrow klass shift: 0, Narrow klass range: 0x0

GC Precious Log:
 CardTable entry size: 512
 Card Set container configuration: InlinePtr #cards 4 size 8 Array Of Cards #cards 16 size 48 Howl #buckets 8 coarsen threshold 3686 Howl Bitmap #cards 512 size 80 coarsen threshold 460 Card regions per heap region 1 cards per card region 4096

Heap:
 garbage-first heap   total reserved 2607104K, committed 0K, used 0K [0x0000000760e00000, 0x0000000800000000)
  region size 2048K, 0 young (0K), 0 survivors (0K)

[error occurred during error reporting (printing heap information), id 0xc0000005, EXCEPTION_ACCESS_VIOLATION (0xc0000005) at pc=0x00007ffc2074c3c9]
GC Heap History (0 events):
No events

Dll operation events (1 events):
Event: 0.017 Loaded shared library C:\Program Files\Java\jdk-23\bin\java.dll

Deoptimization events (0 events):
No events

Classes loaded (0 events):
No events

Classes unloaded (0 events):
No events

Classes redefined (0 events):
No events

Internal exceptions (0 events):
No events

VM Operations (0 events):
No events

Memory protections (0 events):
No events

Nmethod flushes (0 events):
No events

Events (0 events):
No events


Dynamic libraries:
0x00007ff7c4cd0000 - 0x00007ff7c4ce0000 	C:\Program Files\Java\jdk-23\bin\java.exe
0x00007ffc51f40000 - 0x00007ffc521a3000 	C:\WINDOWS\SYSTEM32\ntdll.dll
0x00007ffc51490000 - 0x00007ffc51557000 	C:\WINDOWS\System32\KERNEL32.DLL
0x00007ffc4f5a0000 - 0x00007ffc4f967000 	C:\WINDOWS\System32\KERNELBASE.dll
0x00007ffc4f970000 - 0x00007ffc4fabc000 	C:\WINDOWS\System32\ucrtbase.dll
0x00007ffc4a300000 - 0x00007ffc4a31b000 	C:\Program Files\Java\jdk-23\bin\VCRUNTIME140.dll
0x00007ffc4a2c0000 - 0x00007ffc4a2d7000 	C:\Program Files\Java\jdk-23\bin\jli.dll
0x00007ffc50e80000 - 0x00007ffc51049000 	C:\WINDOWS\System32\USER32.dll
0x00007ffc32310000 - 0x00007ffc325a0000 	C:\WINDOWS\WinSxS\amd64_microsoft.windows.common-controls_6595b64144ccf1df_6.0.26100.3037_none_3e09262ce333c378\COMCTL32.dll
0x00007ffc4f570000 - 0x00007ffc4f597000 	C:\WINDOWS\System32\win32u.dll
0x00007ffc51050000 - 0x00007ffc510f9000 	C:\WINDOWS\System32\msvcrt.dll
0x00007ffc51da0000 - 0x00007ffc51dca000 	C:\WINDOWS\System32\GDI32.dll
0x00007ffc4f2e0000 - 0x00007ffc4f40b000 	C:\WINDOWS\System32\gdi32full.dll
0x00007ffc4fac0000 - 0x00007ffc4fb63000 	C:\WINDOWS\System32\msvcp_win.dll
0x00007ffc51dd0000 - 0x00007ffc51dff000 	C:\WINDOWS\System32\IMM32.DLL
0x00007ffc4a330000 - 0x00007ffc4a33c000 	C:\Program Files\Java\jdk-23\bin\vcruntime140_1.dll
0x00007ffc3c4b0000 - 0x00007ffc3c53e000 	C:\Program Files\Java\jdk-23\bin\msvcp140.dll
0x00007ffc20010000 - 0x00007ffc20d5f000 	C:\Program Files\Java\jdk-23\bin\server\jvm.dll
0x00007ffc51a10000 - 0x00007ffc51ac4000 	C:\WINDOWS\System32\ADVAPI32.dll
0x00007ffc51b50000 - 0x00007ffc51bf6000 	C:\WINDOWS\System32\sechost.dll
0x00007ffc50810000 - 0x00007ffc50926000 	C:\WINDOWS\System32\RPCRT4.dll
0x00007ffc50790000 - 0x00007ffc50804000 	C:\WINDOWS\System32\WS2_32.dll
0x00007ffc4f170000 - 0x00007ffc4f1be000 	C:\WINDOWS\SYSTEM32\POWRPROF.dll
0x00007ffc48980000 - 0x00007ffc4898b000 	C:\WINDOWS\SYSTEM32\VERSION.dll
0x00007ffc48940000 - 0x00007ffc48976000 	C:\WINDOWS\SYSTEM32\WINMM.dll
0x00007ffc4f150000 - 0x00007ffc4f164000 	C:\WINDOWS\SYSTEM32\UMPDC.dll
0x00007ffc4e110000 - 0x00007ffc4e12a000 	C:\WINDOWS\SYSTEM32\kernel.appcore.dll
0x00007ffc466f0000 - 0x00007ffc466fa000 	C:\Program Files\Java\jdk-23\bin\jimage.dll
0x00007ffc42fb0000 - 0x00007ffc431f1000 	C:\WINDOWS\SYSTEM32\DBGHELP.DLL
0x00007ffc50af0000 - 0x00007ffc50e6e000 	C:\WINDOWS\System32\combase.dll
0x00007ffc51cb0000 - 0x00007ffc51d86000 	C:\WINDOWS\System32\OLEAUT32.dll
0x00007ffc3c540000 - 0x00007ffc3c579000 	C:\WINDOWS\SYSTEM32\dbgcore.DLL
0x00007ffc4f4d0000 - 0x00007ffc4f569000 	C:\WINDOWS\System32\bcryptPrimitives.dll
0x00007ffc45b80000 - 0x00007ffc45b9e000 	C:\Program Files\Java\jdk-23\bin\java.dll
0x00007ffc512f0000 - 0x00007ffc51485000 	C:\WINDOWS\System32\ole32.dll
0x00007ffc4fe30000 - 0x00007ffc50534000 	C:\WINDOWS\System32\SHELL32.dll

dbghelp: loaded successfully - version: 4.0.5 - missing functions: none
symbol engine: initialized successfully - sym options: 0x614 - pdb path: .;C:\Program Files\Java\jdk-23\bin;C:\WINDOWS\SYSTEM32;C:\WINDOWS\WinSxS\amd64_microsoft.windows.common-controls_6595b64144ccf1df_6.0.26100.3037_none_3e09262ce333c378;C:\Program Files\Java\jdk-23\bin\server

VM Arguments:
jvm_args: -Dnet.bytebuddy.agent.attacher.dump= 
java_command: net.bytebuddy.agent.Attacher com.sun.tools.attach.VirtualMachine 3356 C:\Users\yan_c\.m2\repository\net\bytebuddy\byte-buddy-agent\1.15.11\byte-buddy-agent-1.15.11.jar false 
java_class_path (initial): C:\Users\yan_c\.m2\repository\net\bytebuddy\byte-buddy-agent\1.15.11\byte-buddy-agent-1.15.11.jar
Launcher Type: SUN_STANDARD

[Global flags]
     intx CICompilerCount                          = 3                                         {product} {ergonomic}
     uint ConcGCThreads                            = 1                                         {product} {ergonomic}
     uint G1ConcRefinementThreads                  = 4                                         {product} {ergonomic}
   size_t G1HeapRegionSize                         = 2097152                                   {product} {ergonomic}
   size_t InitialHeapSize                          = 167772160                                 {product} {ergonomic}
   size_t MarkStackSize                            = 4194304                                   {product} {ergonomic}
   size_t MarkStackSizeMax                         = 536870912                                 {product} {ergonomic}
   size_t MaxHeapSize                              = 2669674496                                {product} {ergonomic}
   size_t MinHeapDeltaBytes                        = 2097152                                   {product} {ergonomic}
   size_t MinHeapSize                              = 8388608                                   {product} {ergonomic}
    uintx NonNMethodCodeHeapSize                   = 5832704                                {pd product} {ergonomic}
    uintx NonProfiledCodeHeapSize                  = 122945536                              {pd product} {ergonomic}
    uintx ProfiledCodeHeapSize                     = 122880000                              {pd product} {ergonomic}
    uintx ReservedCodeCacheSize                    = 251658240                              {pd product} {ergonomic}
     bool SegmentedCodeCache                       = true                                      {product} {ergonomic}
   size_t SoftMaxHeapSize                          = 2669674496                             {manageable} {ergonomic}
     bool UseCompressedOops                        = true                           {product lp64_product} {ergonomic}
     bool UseG1GC                                  = true                                      {product} {ergonomic}
     bool UseLargePagesIndividualAllocation        = false                                  {pd product} {ergonomic}

Logging:
Log output configuration:
 #0: stdout all=warning uptime,level,tags foldmultilines=false
 #1: stderr all=off uptime,level,tags foldmultilines=false

Environment Variables:
PATH=C:\Program Files\apache-maven-3.8.8\bin;C:\Program Files\Common Files\Oracle\Java\javapath;C:\Program Files (x86)\Common Files\Oracle\Java\javapath;C:\WINDOWS\system32;C:\WINDOWS;C:\WINDOWS\System32\Wbem;C:\WINDOWS\System32\WindowsPowerShell\v1.0\;C:\WINDOWS\System32\OpenSSH\;C:\Program Files\Git\cmd;C:\Program Files\Azure Data Studio\bin;C:\Program Files\nodejs\;C:\Users\yan_c\AppData\Local\Microsoft\WindowsApps;C:\Users\yan_c\AppData\Local\GitHubDesktop\bin;C:\Program Files\heroku\bin;C:\Users\yan_c\AppData\Roaming\npm;C:\Users\yan_c\AppData\Local\Programs\Microsoft VS Code\bin
USERNAME=yan_c
OS=Windows_NT
PROCESSOR_IDENTIFIER=AMD64 Family 23 Model 24 Stepping 1, AuthenticAMD
TMP=C:\Users\yan_c\AppData\Local\Temp
TEMP=C:\Users\yan_c\AppData\Local\Temp




Periodic native trim disabled

---------------  S Y S T E M  ---------------

OS:
 Windows 11 , 64 bit Build 26100 (10.0.26100.3037)
OS uptime: 0 days 12:09 hours
Hyper-V role detected

CPU: total 4 (initial active 4) (4 cores per cpu, 2 threads per core) family 23 model 24 stepping 1 microcode 0x8108109, cx8, cmov, fxsr, ht, mmx, 3dnowpref, sse, sse2, sse3, ssse3, sse4a, sse4.1, sse4.2, popcnt, lzcnt, tsc, tscinvbit, avx, avx2, aes, clmul, bmi1, bmi2, adx, sha, fma, vzeroupper, clflush, clflushopt, hv, rdtscp, f16c
Processor Information for the first 4 processors :
  Max Mhz: 2600, Current Mhz: 2600, Mhz Limit: 2600

Memory: 4k page, system-wide physical 10178M (1986M free)
TotalPageFile size 12346M (AvailPageFile size 84M)
current process WorkingSet (physical memory assigned to process): 13M, peak: 13M
current process commit charge ("private bytes"): 52M, peak: 212M

vm_info: Java HotSpot(TM) 64-Bit Server VM (23.0.1+11-39) for windows-amd64 JRE (23.0.1+11-39), built on 2024-09-30T07:20:43Z with MS VC++ 17.6 (VS2022)

END.
