#
# There is insufficient memory for the Java Runtime Environment to continue.
# Native memory allocation (mmap) failed to map 167772160 bytes. Error detail: G1 virtual space
# Possible reasons:
#   The system is out of physical RAM or swap space
#   This process is running with CompressedOops enabled, and the Java Heap may be blocking the growth of the native heap
# Possible solutions:
#   Reduce memory load on the system
#   Increase physical memory or swap space
#   Check if swap backing store is full
#   Decrease Java heap size (-Xmx/-Xms)
#   Decrease number of Java threads
#   Decrease Java thread stack sizes (-Xss)
#   Set larger code cache with -XX:ReservedCodeCacheSize=
#   JVM is running with Zero Based Compressed Oops mode in which the Java heap is
#     placed in the first 32GB address space. The Java Heap base address is the
#     maximum limit for the native heap growth. Please use -XX:HeapBaseMinAddress
#     to set the Java Heap base and to place the Java Heap above 32GB virtual address.
# This output file may be truncated or incomplete.
#
#  Out of Memory Error (os_windows.cpp:3830), pid=13008, tid=3176
#
# JRE version:  (17.0.14+1) (build )
# Java VM: OpenJDK 64-Bit Server VM (17.0.14+1-b1367.22, mixed mode, sharing, tiered, compressed oops, compressed class ptrs, g1 gc, windows-amd64)
# No core dump will be written. Minidumps are not enabled by default on client versions of Windows
#

---------------  S U M M A R Y ------------

Command Line: -Dnet.bytebuddy.agent.attacher.dump= net.bytebuddy.agent.Attacher com.sun.tools.attach.VirtualMachine 6552 C:\Users\yan_c\.m2\repository\net\bytebuddy\byte-buddy-agent\1.15.11\byte-buddy-agent-1.15.11.jar false 

Host: AMD Ryzen 3 3200U with Radeon Vega Mobile Gfx  , 4 cores, 9G,  Windows 11 , 64 bit Build 26100 (10.0.26100.3037)
Time: Sun Mar  2 18:37:56 2025 Hora verano Sudamérica Pacífico elapsed time: 0.139083 seconds (0d 0h 0m 0s)

---------------  T H R E A D  ---------------

Current thread (0x00000240774a14c0):  JavaThread "Unknown thread" [_thread_in_vm, id=3176, stack(0x00000069a8500000,0x00000069a8600000)]

Stack: [0x00000069a8500000,0x00000069a8600000]
Native frames: (J=compiled Java code, j=interpreted, Vv=VM code, C=native code)
V  [jvm.dll+0x68b969]  public: static bool __cdecl os::platform_print_native_stack(class outputStream * __ptr64,void const * __ptr64,char * __ptr64,int,unsigned char * __ptr64 & __ptr64)+0xd9
V  [jvm.dll+0x84572a]  private: static void __cdecl VMError::report(class outputStream * __ptr64,bool)+0xc6a
V  [jvm.dll+0x8473ae]  public: static void __cdecl VMError::report_and_die(int,char const * __ptr64,char const * __ptr64,char * __ptr64,class Thread * __ptr64,unsigned char * __ptr64,void * __ptr64,void * __ptr64,char const * __ptr64,int,unsigned __int64)+0x78e
V  [jvm.dll+0x847a13]  public: static void __cdecl VMError::report_and_die(class Thread * __ptr64,char const * __ptr64,int,unsigned __int64,enum VMErrorType,char const * __ptr64,char * __ptr64)+0x43
V  [jvm.dll+0x24a83f]  void __cdecl report_vm_out_of_memory(char const * __ptr64,int,unsigned __int64,enum VMErrorType,char const * __ptr64,...)+0x8f
V  [jvm.dll+0x688629]  private: static void __cdecl os::pd_commit_memory_or_exit(char * __ptr64,unsigned __int64,unsigned __int64,bool,char const * __ptr64)+0xc9
V  [jvm.dll+0x67cf3a]  public: static void __cdecl os::commit_memory_or_exit(char * __ptr64,unsigned __int64,unsigned __int64,bool,char const * __ptr64)+0x2a
V  [jvm.dll+0x30b83b]  public: bool __cdecl G1PageBasedVirtualSpace::commit(unsigned __int64,unsigned __int64) __ptr64+0x19b
V  [jvm.dll+0x312d26]  public: virtual void __cdecl G1RegionsLargerThanCommitSizeMapper::commit_regions(unsigned int,unsigned __int64,class WorkGang * __ptr64) __ptr64+0x96
V  [jvm.dll+0x3630fe]  private: unsigned int __cdecl HeapRegionManager::expand_any(unsigned int,class WorkGang * __ptr64) __ptr64+0xee
V  [jvm.dll+0x36333f]  public: unsigned int __cdecl HeapRegionManager::expand_by(unsigned int,class WorkGang * __ptr64) __ptr64+0x7f
V  [jvm.dll+0x2e18cc]  public: bool __cdecl G1CollectedHeap::expand(unsigned __int64,class WorkGang * __ptr64,double * __ptr64) __ptr64+0xbc
V  [jvm.dll+0x2e2824]  public: virtual long __cdecl G1CollectedHeap::initialize(void) __ptr64+0x664
V  [jvm.dll+0x815ffb]  long __cdecl universe_init(void)+0xbb
V  [jvm.dll+0x370e88]  long __cdecl init_globals(void)+0x48
V  [jvm.dll+0x7f4875]  public: static long __cdecl Threads::create_vm(struct JavaVMInitArgs * __ptr64,bool * __ptr64)+0x5e5
V  [jvm.dll+0x3f54ef]  protected: __cdecl JNI_ArgumentPusher::JNI_ArgumentPusher(class Method * __ptr64) __ptr64+0x19f
V  [jvm.dll+0x3f70c1]  JNI_CreateJavaVM+0x11
C  [jli.dll+0x52ab]  JavaMain+0x113  (java.c:413)
C  [ucrtbase.dll+0x37b0]
C  [KERNEL32.DLL+0x2e8d7]
C  [ntdll.dll+0xbbf2c]


---------------  P R O C E S S  ---------------

Threads class SMR info:
_java_thread_list=0x00007ffd3aaa9018, length=0, elements={
}

Java Threads: ( => current thread )

Other Threads:
  0x00000240774f44b0 GCTaskThread "GC Thread#0" [stack: 0x00000069a8600000,0x00000069a8700000] [id=1652]
  0x00000240774ffef0 ConcurrentGCThread "G1 Main Marker" [stack: 0x00000069a8700000,0x00000069a8800000] [id=12908]
  0x0000024077500fd0 ConcurrentGCThread "G1 Conc#0" [stack: 0x00000069a8800000,0x00000069a8900000] [id=7200]

[error occurred during error reporting (printing all threads), id 0xc0000005, EXCEPTION_ACCESS_VIOLATION (0xc0000005) at pc=0x00007ffd3a252197]

VM state: not at safepoint (not fully initialized)

VM Mutex/Monitor currently owned by a thread:  ([mutex/lock_event])
[0x000002407749e180] Heap_lock - owner thread: 0x00000240774a14c0

Heap address: 0x0000000760e00000, size: 2546 MB, Compressed Oops mode: Zero based, Oop shift amount: 3

CDS archive(s) mapped at: [0x0000000000000000-0x0000000000000000-0x0000000000000000), size 0, SharedBaseAddress: 0x0000000800000000, ArchiveRelocationMode: 1.
Narrow klass base: 0x0000000000000000, Narrow klass shift: 0, Narrow klass range: 0x0

GC Precious Log:
<Empty>

Heap:
 garbage-first heap   total 0K, used 0K [0x0000000760e00000, 0x0000000800000000)
  region size 2048K, 0 young (0K), 0 survivors (0K)
 Metaspace       used 0K, committed 0K, reserved 0K
  class space    used 0K, committed 0K, reserved 0K

Heap Regions: E=young(eden), S=young(survivor), O=old, HS=humongous(starts), HC=humongous(continues), CS=collection set, F=free, OA=open archive, CA=closed archive, TAMS=top-at-mark-start (previous, next)

Card table byte_map: [0x000002407b870000,0x000002407bd70000] _byte_map_base: 0x0000024077d69000

Marking Bits (Prev, Next): (CMBitMap*) 0x00000240774f49e0, (CMBitMap*) 0x00000240774f4a20
 Prev Bits: [0x000002407c270000, 0x000002407ea38000)
 Next Bits: [0x000002400f000000, 0x00000240117c8000)

GC Heap History (0 events):
No events

Dll operation events (1 events):
Event: 0.016 Loaded shared library C:\Users\yan_c\.jdks\jbr-17.0.14\bin\java.dll

Deoptimization events (0 events):
No events

Classes loaded (0 events):
No events

Classes unloaded (0 events):
No events

Classes redefined (0 events):
No events

Internal exceptions (0 events):
No events

VM Operations (0 events):
No events

Memory protections (0 events):
No events

Nmethod flushes (0 events):
No events

Events (0 events):
No events


Dynamic libraries:
0x00007ff714300000 - 0x00007ff71430a000 	C:\Users\yan_c\.jdks\jbr-17.0.14\bin\java.exe
0x00007ffd6df20000 - 0x00007ffd6e183000 	C:\WINDOWS\SYSTEM32\ntdll.dll
0x00007ffd6d7c0000 - 0x00007ffd6d887000 	C:\WINDOWS\System32\KERNEL32.DLL
0x00007ffd6b2c0000 - 0x00007ffd6b687000 	C:\WINDOWS\System32\KERNELBASE.dll
0x00007ffd6b690000 - 0x00007ffd6b7dc000 	C:\WINDOWS\System32\ucrtbase.dll
0x00007ffd66280000 - 0x00007ffd6629b000 	C:\Users\yan_c\.jdks\jbr-17.0.14\bin\VCRUNTIME140.dll
0x00007ffd55bf0000 - 0x00007ffd55c07000 	C:\Users\yan_c\.jdks\jbr-17.0.14\bin\jli.dll
0x00007ffd6da60000 - 0x00007ffd6dc29000 	C:\WINDOWS\System32\USER32.dll
0x00007ffd6b9f0000 - 0x00007ffd6ba17000 	C:\WINDOWS\System32\win32u.dll
0x00007ffd6d580000 - 0x00007ffd6d5aa000 	C:\WINDOWS\System32\GDI32.dll
0x00007ffd4dff0000 - 0x00007ffd4e280000 	C:\WINDOWS\WinSxS\amd64_microsoft.windows.common-controls_6595b64144ccf1df_6.0.26100.3037_none_3e09262ce333c378\COMCTL32.dll
0x00007ffd6bc30000 - 0x00007ffd6bd5b000 	C:\WINDOWS\System32\gdi32full.dll
0x00007ffd6bee0000 - 0x00007ffd6bf89000 	C:\WINDOWS\System32\msvcrt.dll
0x00007ffd6b7e0000 - 0x00007ffd6b883000 	C:\WINDOWS\System32\msvcp_win.dll
0x00007ffd6bff0000 - 0x00007ffd6c01f000 	C:\WINDOWS\System32\IMM32.DLL
0x00007ffd66270000 - 0x00007ffd6627c000 	C:\Users\yan_c\.jdks\jbr-17.0.14\bin\vcruntime140_1.dll
0x00007ffd55040000 - 0x00007ffd550cd000 	C:\Users\yan_c\.jdks\jbr-17.0.14\bin\msvcp140.dll
0x00007ffd39f60000 - 0x00007ffd3abee000 	C:\Users\yan_c\.jdks\jbr-17.0.14\bin\server\jvm.dll
0x00007ffd6d950000 - 0x00007ffd6da04000 	C:\WINDOWS\System32\ADVAPI32.dll
0x00007ffd6c640000 - 0x00007ffd6c6e6000 	C:\WINDOWS\System32\sechost.dll
0x00007ffd6d460000 - 0x00007ffd6d576000 	C:\WINDOWS\System32\RPCRT4.dll
0x00007ffd6dce0000 - 0x00007ffd6dd54000 	C:\WINDOWS\System32\WS2_32.dll
0x00007ffd6b150000 - 0x00007ffd6b19e000 	C:\WINDOWS\SYSTEM32\POWRPROF.dll
0x00007ffd64830000 - 0x00007ffd64866000 	C:\WINDOWS\SYSTEM32\WINMM.dll
0x00007ffd64870000 - 0x00007ffd6487b000 	C:\WINDOWS\SYSTEM32\VERSION.dll
0x00007ffd6b130000 - 0x00007ffd6b144000 	C:\WINDOWS\SYSTEM32\UMPDC.dll
0x00007ffd6a0f0000 - 0x00007ffd6a10a000 	C:\WINDOWS\SYSTEM32\kernel.appcore.dll
0x00007ffd62880000 - 0x00007ffd6288a000 	C:\Users\yan_c\.jdks\jbr-17.0.14\bin\jimage.dll
0x00007ffd5eed0000 - 0x00007ffd5f111000 	C:\WINDOWS\SYSTEM32\DBGHELP.DLL
0x00007ffd6cf00000 - 0x00007ffd6d27e000 	C:\WINDOWS\System32\combase.dll
0x00007ffd6ddf0000 - 0x00007ffd6dec6000 	C:\WINDOWS\System32\OLEAUT32.dll
0x00007ffd57a90000 - 0x00007ffd57ac9000 	C:\WINDOWS\SYSTEM32\dbgcore.DLL
0x00007ffd6b890000 - 0x00007ffd6b929000 	C:\WINDOWS\System32\bcryptPrimitives.dll
0x00007ffd55370000 - 0x00007ffd55395000 	C:\Users\yan_c\.jdks\jbr-17.0.14\bin\java.dll

dbghelp: loaded successfully - version: 4.0.5 - missing functions: none
symbol engine: initialized successfully - sym options: 0x614 - pdb path: .;C:\Users\yan_c\.jdks\jbr-17.0.14\bin;C:\WINDOWS\SYSTEM32;C:\WINDOWS\WinSxS\amd64_microsoft.windows.common-controls_6595b64144ccf1df_6.0.26100.3037_none_3e09262ce333c378;C:\Users\yan_c\.jdks\jbr-17.0.14\bin\server

VM Arguments:
jvm_args: -Dnet.bytebuddy.agent.attacher.dump= 
java_command: net.bytebuddy.agent.Attacher com.sun.tools.attach.VirtualMachine 6552 C:\Users\yan_c\.m2\repository\net\bytebuddy\byte-buddy-agent\1.15.11\byte-buddy-agent-1.15.11.jar false 
java_class_path (initial): C:\Users\yan_c\.m2\repository\net\bytebuddy\byte-buddy-agent\1.15.11\byte-buddy-agent-1.15.11.jar
Launcher Type: SUN_STANDARD

[Global flags]
     intx CICompilerCount                          = 3                                         {product} {ergonomic}
     uint ConcGCThreads                            = 1                                         {product} {ergonomic}
     uint G1ConcRefinementThreads                  = 4                                         {product} {ergonomic}
   size_t G1HeapRegionSize                         = 2097152                                   {product} {ergonomic}
    uintx GCDrainStackTargetSize                   = 64                                        {product} {ergonomic}
   size_t InitialHeapSize                          = 167772160                                 {product} {ergonomic}
   size_t MarkStackSize                            = 4194304                                   {product} {ergonomic}
   size_t MaxHeapSize                              = 2669674496                                {product} {ergonomic}
   size_t MinHeapDeltaBytes                        = 2097152                                   {product} {ergonomic}
   size_t MinHeapSize                              = 8388608                                   {product} {ergonomic}
    uintx NonNMethodCodeHeapSize                   = 5832780                                {pd product} {ergonomic}
    uintx NonProfiledCodeHeapSize                  = 122912730                              {pd product} {ergonomic}
    uintx ProfiledCodeHeapSize                     = 122912730                              {pd product} {ergonomic}
    uintx ReservedCodeCacheSize                    = 251658240                              {pd product} {ergonomic}
     bool SegmentedCodeCache                       = true                                      {product} {ergonomic}
   size_t SoftMaxHeapSize                          = 2669674496                             {manageable} {ergonomic}
     bool UseCompressedClassPointers               = true                           {product lp64_product} {ergonomic}
     bool UseCompressedOops                        = true                           {product lp64_product} {ergonomic}
     bool UseG1GC                                  = true                                      {product} {ergonomic}
     bool UseLargePagesIndividualAllocation        = false                                  {pd product} {ergonomic}

Logging:
Log output configuration:
 #0: stdout all=warning uptime,level,tags
 #1: stderr all=off uptime,level,tags

Environment Variables:
PATH=C:\Program Files\apache-maven-3.8.8\bin;C:\Program Files\Common Files\Oracle\Java\javapath;C:\Program Files (x86)\Common Files\Oracle\Java\javapath;C:\WINDOWS\system32;C:\WINDOWS;C:\WINDOWS\System32\Wbem;C:\WINDOWS\System32\WindowsPowerShell\v1.0\;C:\WINDOWS\System32\OpenSSH\;C:\Program Files\Git\cmd;C:\Program Files\Azure Data Studio\bin;C:\Program Files\nodejs\;C:\Users\yan_c\AppData\Local\Microsoft\WindowsApps;C:\Users\yan_c\AppData\Local\GitHubDesktop\bin;C:\Program Files\heroku\bin;C:\Users\yan_c\AppData\Roaming\npm;C:\Users\yan_c\AppData\Local\Programs\Microsoft VS Code\bin
USERNAME=yan_c
OS=Windows_NT
PROCESSOR_IDENTIFIER=AMD64 Family 23 Model 24 Stepping 1, AuthenticAMD
TMP=C:\Users\yan_c\AppData\Local\Temp
TEMP=C:\Users\yan_c\AppData\Local\Temp



Periodic native trim disabled

JNI global refs:
JNI global refs: 0, weak refs: 0

JNI global refs memory usage: 0, weak refs: 0

Process memory usage:
Resident Set Size: 36684K (0% of 10422924K total physical memory with 2380748K free physical memory)

OOME stack traces (most recent first):
Classloader memory used:


---------------  S Y S T E M  ---------------

OS:
 Windows 11 , 64 bit Build 26100 (10.0.26100.3037)
OS uptime: 0 days 6:54 hours
Hyper-V role detected

CPU: total 4 (initial active 4) (4 cores per cpu, 2 threads per core) family 23 model 24 stepping 1 microcode 0x8108109, cx8, cmov, fxsr, ht, mmx, 3dnowpref, sse, sse2, sse3, ssse3, sse4a, sse4.1, sse4.2, popcnt, lzcnt, tsc, tscinvbit, avx, avx2, aes, clmul, bmi1, bmi2, adx, sha, fma, vzeroupper, clflush, clflushopt, hv
Processor Information for all 4 processors :
  Max Mhz: 2600, Current Mhz: 1400, Mhz Limit: 2600

Memory: 4k page, system-wide physical 10178M (2324M free)
TotalPageFile size 12346M (AvailPageFile size 0M)
current process WorkingSet (physical memory assigned to process): 35M, peak: 35M
current process commit charge ("private bytes"): 74M, peak: 211M

vm_info: OpenJDK 64-Bit Server VM (17.0.14+1-b1367.22) for windows-amd64 JRE (17.0.14+1-b1367.22), built on 2025-01-30 by "builduser" with MS VC++ 16.10 / 16.11 (VS2019)

END.
